[debug] [2024-12-29T16:06:23.121Z] ----------------------------------------------------------------------
[debug] [2024-12-29T16:06:23.123Z] Command:       C:\Program Files\nodejs\node.exe C:\Users\alvar\AppData\Roaming\npm\node_modules\firebase-tools\lib\bin\firebase.js init
[debug] [2024-12-29T16:06:23.123Z] CLI Version:   13.29.1
[debug] [2024-12-29T16:06:23.124Z] Platform:      win32
[debug] [2024-12-29T16:06:23.124Z] Node Version:  v22.12.0
[debug] [2024-12-29T16:06:23.124Z] Time:          Sun Dec 29 2024 17:06:23 GMT+0100 (hora estándar de Europa central)
[debug] [2024-12-29T16:06:23.124Z] ----------------------------------------------------------------------
[debug] 
[debug] [2024-12-29T16:06:23.131Z] > command requires scopes: ["email","openid","https://www.googleapis.com/auth/cloudplatformprojects.readonly","https://www.googleapis.com/auth/firebase","https://www.googleapis.com/auth/cloud-platform"]
[debug] [2024-12-29T16:06:23.131Z] > authorizing via signed-in user (alvarocp39@gmail.com)
[info] 
     ######## #### ########  ######## ########     ###     ######  ########
     ##        ##  ##     ## ##       ##     ##  ##   ##  ##       ##
     ######    ##  ########  ######   ########  #########  ######  ######
     ##        ##  ##    ##  ##       ##     ## ##     ##       ## ##
     ##       #### ##     ## ######## ########  ##     ##  ######  ########

You're about to initialize a Firebase project in this directory:

  C:\Users\alvar\Proyectos\SaborArte\saborarte

[info] 
=== Project Setup
[info] 
[info] First, let's associate this project directory with a Firebase project.
[info] You can create multiple project aliases by running firebase use --add, 
[info] but for now we'll just set up a default project.
[info] 
[info] i  If you want to create a project in a Google Cloud organization or folder, please use "firebase projects:create" instead, and return to this command when you've created the project. 
